[Sat, Nov  8, 2025 11:10:22 PM]  Starting backup...
[Sat, Nov  8, 2025 11:10:22 PM]  No files or data folder found!
[Sat, Nov  8, 2025 11:30:32 PM]  Starting backup...
[Sat, Nov  8, 2025 11:30:32 PM]  No files or data folder found!
[Sun, Nov  9, 2025 08:11:51 PM]  Starting backup...
[Sun, Nov  9, 2025 08:11:51 PM]  No files or data folder found!
[Sun, Nov  9, 2025 08:12:23 PM]  Starting backup...
[Sun, Nov  9, 2025 08:12:23 PM]  No files or data folder found!
[Sun, Nov  9, 2025 08:15:47 PM]  Starting backup...
[Sun, Nov  9, 2025 08:15:47 PM]  No files or data folder found!
[Sun, Nov  9, 2025 08:32:09 PM]  Starting backup...
[Sun, Nov  9, 2025 08:32:09 PM]  No files or data folder found!
[Sun, Nov  9, 2025 08:34:04 PM]  Starting backup...
[Sun, Nov  9, 2025 08:34:04 PM]  No files specified — defaulting to all files in data/
[Sun, Nov  9, 2025 08:34:05 PM]  Backed up: data/Predicto_Project_Report_Simple (1).pdf
[Sun, Nov  9, 2025 08:34:05 PM]  Checksum file created: 2025-11-09_20-34-04.sha256
[Sun, Nov  9, 2025 08:34:05 PM]  Removed old backup: 2025-11-09_20-11-51
[Sun, Nov  9, 2025 08:34:05 PM]  Removed old backup: 2025-11-08_23-30-32
[Sun, Nov  9, 2025 08:34:05 PM] Removed old backup: 2025-11-08_23-10-22
[Sun, Nov  9, 2025 08:34:05 PM]  Backup process completed successfully.
[Sun, Nov  9, 2025 08:34:05 PM]  Backup saved at: backups/2025-11-09_20-34-04
[Mon, Nov 10, 2025 10:03:37 AM]  Log file: backup.log
[Sun, Nov  9, 2025 08:38:27 PM]  Starting backup...
[Sun, Nov  9, 2025 08:38:27 PM]  No files specified — defaulting to all files in data/
[Sun, Nov  9, 2025 08:38:27 PM]  Backed up: data/Predicto_Project_Report_Simple (1).pdf
[Sun, Nov  9, 2025 08:38:27 PM]  Checksum file created: 2025-11-09_20-38-27.sha256
[Sun, Nov  9, 2025 08:38:27 PM]  Removed old backup: 2025-11-09_20-15-47
[Sun, Nov  9, 2025 08:38:27 PM]  Removed old backup: 2025-11-09_20-12-23
[Sun, Nov  9, 2025 08:38:27 PM]  Backup process completed successfully.
[Sun, Nov  9, 2025 08:38:28 PM]  Backup saved at: backups/2025-11-09_20-38-27
[Sun, Nov  9, 2025 08:38:28 PM]  Log file: backup.log
[Mon, Nov 10, 2025 10:14:04 AM]  Starting backup...
[Mon, Nov 10, 2025 10:14:04 AM]  No files specified — defaulting to all files in data/
[Mon, Nov 10, 2025 10:14:05 AM]  Backed up: data/Predicto_Project_Report_Simple (1).pdf
[Mon, Nov 10, 2025 10:14:05 AM]  Checksum file created: 2025-11-10_10-14-04.sha256
[Mon, Nov 10, 2025 10:14:05 AM]  Removed old backup: 2025-11-09_20-34-04
[Mon, Nov 10, 2025 10:14:05 AM]  Removed old backup: 2025-11-09_20-32-09
[Mon, Nov 10, 2025 10:14:05 AM]  Backup process completed successfully.
[Mon, Nov 10, 2025 10:14:05 AM]  Backup saved at: backups/2025-11-10_10-14-04
[Mon, Nov 10, 2025 10:14:05 AM]  Log file: backup.log
